<?xml version="1.0" encoding="UTF-8"?>
<!-- Generated by org.testng.reporters.JUnitReportReporter -->
<testsuite hostname="PradipPatil" failures="0" tests="1" name="Jdbc_java.Data_transfer" time="13.230" errors="0" timestamp="2022-11-16T09:10:35 IST" skipped="0">
  <testcase classname="Jdbc_java.Data_transfer" name="dataprovide" time="13.230"/>
  <system-out/>
</testsuite> <!-- Jdbc_java.Data_transfer -->
