<?xml version="1.0" encoding="UTF-8"?>
<!-- Generated by org.testng.reporters.JUnitReportReporter -->
<testsuite hostname="PradipPatil" failures="0" tests="1" name="Jdbc1_java.Demoweb" time="6.121" errors="0" timestamp="2022-11-17T14:10:54 IST" skipped="0">
  <testcase classname="Jdbc1_java.Demoweb" name="demo" time="6.121"/>
  <system-out/>
</testsuite> <!-- Jdbc1_java.Demoweb -->
